<?xml version="1.0" encoding="UTF-8"?>
<!-- Generated by org.testng.reporters.JUnitXMLReporter -->
<testsuite ignored="2" hostname="AIPL4398LT11158" failures="0" tests="1" name="Default test" time="8.288" errors="0" timestamp="2022-09-09T19:07:32 IST">
  <testcase classname="web.tests.ReqResTest" name="reqResTest" time="5.62"/>
  <testcase classname="web.tests.ReqResTest" name="verifyTitle3" time="0.0">
    <ignored/>
  </testcase> <!-- verifyTitle3 -->
  <testcase classname="web.tests.ReqResTest" name="googleImages3" time="0.0">
    <ignored/>
  </testcase> <!-- googleImages3 -->
</testsuite> <!-- Default test -->
