<?xml version="1.0" encoding="UTF-8"?>
<!-- Generated by org.testng.reporters.JUnitXMLReporter -->
<testsuite ignored="0" hostname="AIPL4398LT11158" failures="0" tests="3" name="GoogleTest" time="24.306" errors="0" timestamp="2022-09-22T12:13:35 IST">
  <testcase classname="web.tests.GoogleSearchTest" name="googleSearch" time="6.296"/>
  <testcase classname="web.tests.GoogleSearchTest" name="verifyTitle" time="1.715"/>
  <testcase classname="web.tests.GoogleSearchTest" name="googleImages" time="11.613"/>
</testsuite> <!-- GoogleTest -->
