<?xml version="1.0" encoding="UTF-8"?>
<!-- Generated by org.testng.reporters.JUnitXMLReporter -->
<testsuite ignored="0" hostname="AIPL4398LT11158" failures="2" tests="2" name="MVNTest" time="62.937" errors="0" timestamp="2022-09-22T12:14:13 IST">
  <testcase classname="web.tests.MvnRepositoryTest" name="mvnRepositorySearch" time="3.082">
    <failure type="java.lang.AssertionError" message="expected [MVN] but found [Maven Repository: Search/Browse/Explore]">
      <![CDATA[java.lang.AssertionError: expected [MVN] but found [Maven Repository: Search/Browse/Explore]
at web.tests.MvnRepositoryTest.mvnRepositorySearch(MvnRepositoryTest.java:17)
at java.base/java.util.ArrayList.forEach(ArrayList.java:1511)
at java.base/java.util.concurrent.FutureTask.run(FutureTask.java:264)
at java.base/java.util.concurrent.ThreadPoolExecutor.runWorker(ThreadPoolExecutor.java:1130)
at java.base/java.util.concurrent.ThreadPoolExecutor$Worker.run(ThreadPoolExecutor.java:630)
at java.base/java.lang.Thread.run(Thread.java:831)
... Removed 23 stack frames]]>
    </failure>
  </testcase> <!-- mvnRepositorySearch -->
  <testcase classname="web.tests.MvnRepositoryTest" name="browserStackTest" time="14.963">
    <failure type="java.lang.AssertionError" message="expected [Quick Xpath] but found [Quick XPath Locators Cheat Sheet | BrowserStack]">
      <![CDATA[java.lang.AssertionError: expected [Quick Xpath] but found [Quick XPath Locators Cheat Sheet | BrowserStack]
at web.tests.MvnRepositoryTest.browserStackTest(MvnRepositoryTest.java:23)
at java.base/java.util.ArrayList.forEach(ArrayList.java:1511)
at java.base/java.util.concurrent.FutureTask.run(FutureTask.java:264)
at java.base/java.util.concurrent.ThreadPoolExecutor.runWorker(ThreadPoolExecutor.java:1130)
at java.base/java.util.concurrent.ThreadPoolExecutor$Worker.run(ThreadPoolExecutor.java:630)
at java.base/java.lang.Thread.run(Thread.java:831)
... Removed 23 stack frames]]>
    </failure>
  </testcase> <!-- browserStackTest -->
</testsuite> <!-- MVNTest -->
