<?xml version="1.0" encoding="UTF-8"?>
<!-- Generated by org.testng.reporters.JUnitXMLReporter -->
<testsuite ignored="0" hostname="AIPL4398LT11158" failures="1" tests="1" name="ReqResTest" time="73.685" errors="0" timestamp="2022-09-22T12:14:24 IST">
  <testcase classname="web.tests.ReqResTest" name="reqResTest" time="44.007">
    <failure type="java.lang.AssertionError" message="expected [Reqres] but found [Reqres - A hosted REST-API ready to respond to your AJAX requests]">
      <![CDATA[java.lang.AssertionError: expected [Reqres] but found [Reqres - A hosted REST-API ready to respond to your AJAX requests]
at web.tests.ReqResTest.reqResTest(ReqResTest.java:16)
at java.base/java.util.ArrayList.forEach(ArrayList.java:1511)
at java.base/java.util.concurrent.FutureTask.run(FutureTask.java:264)
at java.base/java.util.concurrent.ThreadPoolExecutor.runWorker(ThreadPoolExecutor.java:1130)
at java.base/java.util.concurrent.ThreadPoolExecutor$Worker.run(ThreadPoolExecutor.java:630)
at java.base/java.lang.Thread.run(Thread.java:831)
... Removed 23 stack frames]]>
    </failure>
  </testcase> <!-- reqResTest -->
</testsuite> <!-- ReqResTest -->
