<?xml version="1.0" encoding="UTF-8"?>
<testng-results ignored="8" total="9" passed="1" failed="0" skipped="0">
  <reporter-output>
  </reporter-output>
  <suite started-at="2022-10-01T08:18:07 IST" name="LoginSuite" finished-at="2022-10-01T08:18:21 IST" duration-ms="13462">
    <groups>
      <group name="Login">
        <method signature="YahooSearchTest.yahooLogin()[pri:2, instance:web.tests.YahooSearchTest@7dc19a70]" name="yahooLogin" class="web.tests.YahooSearchTest"/>
      </group> <!-- Login -->
    </groups>
    <test started-at="2022-10-01T08:18:07 IST" name="MVNTest" finished-at="2022-10-01T08:18:15 IST" duration-ms="8135">
      <class name="web.tests.MvnRepositoryTest">
        <test-method is-config="true" signature="launchApplication()[pri:0, instance:web.tests.MvnRepositoryTest@1e16c0aa]" started-at="2022-10-01T08:18:07 IST" name="launchApplication" finished-at="2022-10-01T08:18:14 IST" duration-ms="7029" status="PASS">
          <reporter-output>
          </reporter-output>
        </test-method> <!-- launchApplication -->
        <test-method is-config="true" signature="tearDown()[pri:0, instance:web.tests.MvnRepositoryTest@1e16c0aa]" started-at="2022-10-01T08:18:14 IST" name="tearDown" finished-at="2022-10-01T08:18:15 IST" duration-ms="1084" status="PASS">
          <reporter-output>
          </reporter-output>
        </test-method> <!-- tearDown -->
      </class> <!-- web.tests.MvnRepositoryTest -->
    </test> <!-- MVNTest -->
    <test started-at="2022-10-01T08:18:07 IST" name="ReqResTest" finished-at="2022-10-01T08:18:15 IST" duration-ms="8078">
      <class name="web.tests.ReqResTest">
        <test-method is-config="true" signature="launchApplication()[pri:0, instance:web.tests.ReqResTest@2fb0623e]" started-at="2022-10-01T08:18:07 IST" name="launchApplication" finished-at="2022-10-01T08:18:14 IST" duration-ms="7029" status="PASS">
          <reporter-output>
          </reporter-output>
        </test-method> <!-- launchApplication -->
        <test-method is-config="true" signature="tearDown()[pri:0, instance:web.tests.ReqResTest@2fb0623e]" started-at="2022-10-01T08:18:14 IST" name="tearDown" finished-at="2022-10-01T08:18:15 IST" duration-ms="1023" status="PASS">
          <reporter-output>
          </reporter-output>
        </test-method> <!-- tearDown -->
      </class> <!-- web.tests.ReqResTest -->
    </test> <!-- ReqResTest -->
    <test started-at="2022-10-01T08:18:07 IST" name="GoogleTest" finished-at="2022-10-01T08:18:15 IST" duration-ms="8057">
      <class name="web.tests.GoogleSearchTest">
        <test-method is-config="true" signature="launchApplication()[pri:0, instance:web.tests.GoogleSearchTest@5884a914]" started-at="2022-10-01T08:18:07 IST" name="launchApplication" finished-at="2022-10-01T08:18:14 IST" duration-ms="7028" status="PASS">
          <reporter-output>
          </reporter-output>
        </test-method> <!-- launchApplication -->
        <test-method is-config="true" signature="tearDown()[pri:0, instance:web.tests.GoogleSearchTest@5884a914]" started-at="2022-10-01T08:18:14 IST" name="tearDown" finished-at="2022-10-01T08:18:15 IST" duration-ms="1008" status="PASS">
          <reporter-output>
          </reporter-output>
        </test-method> <!-- tearDown -->
      </class> <!-- web.tests.GoogleSearchTest -->
    </test> <!-- GoogleTest -->
    <test started-at="2022-10-01T08:18:07 IST" name="YahooTest" finished-at="2022-10-01T08:18:21 IST" duration-ms="13461">
      <class name="web.tests.YahooSearchTest">
        <test-method is-config="true" signature="launchApplication()[pri:0, instance:web.tests.YahooSearchTest@7dc19a70]" started-at="2022-10-01T08:18:07 IST" name="launchApplication" finished-at="2022-10-01T08:18:14 IST" duration-ms="7029" status="PASS">
          <reporter-output>
          </reporter-output>
        </test-method> <!-- launchApplication -->
        <test-method signature="yahooLogin()[pri:2, instance:web.tests.YahooSearchTest@7dc19a70]" started-at="2022-10-01T08:18:14 IST" name="yahooLogin" finished-at="2022-10-01T08:18:20 IST" duration-ms="6025" status="PASS">
          <reporter-output>
          </reporter-output>
        </test-method> <!-- yahooLogin -->
        <test-method is-config="true" signature="tearDown()[pri:0, instance:web.tests.YahooSearchTest@7dc19a70]" started-at="2022-10-01T08:18:20 IST" name="tearDown" finished-at="2022-10-01T08:18:21 IST" duration-ms="335" status="PASS">
          <reporter-output>
          </reporter-output>
        </test-method> <!-- tearDown -->
      </class> <!-- web.tests.YahooSearchTest -->
    </test> <!-- YahooTest -->
  </suite> <!-- LoginSuite -->
</testng-results>
