<?xml version="1.0" encoding="UTF-8"?>
<testng-results ignored="8" total="9" passed="1" failed="0" skipped="0">
  <reporter-output>
  </reporter-output>
  <suite started-at="2022-09-22T12:42:59 IST" name="LoginSuite" finished-at="2022-09-22T12:44:01 IST" duration-ms="61573">
    <groups>
      <group name="Login">
        <method signature="YahooSearchTest.yahooLogin()[pri:2, instance:web.tests.YahooSearchTest@7241a47d]" name="yahooLogin" class="web.tests.YahooSearchTest"/>
      </group> <!-- Login -->
    </groups>
    <test started-at="2022-09-22T12:42:59 IST" name="MVNTest" finished-at="2022-09-22T12:43:05 IST" duration-ms="5691">
      <class name="web.tests.MvnRepositoryTest">
        <test-method is-config="true" signature="launchApplication()[pri:0, instance:web.tests.MvnRepositoryTest@5dd1c9f2]" started-at="2022-09-22T12:42:59 IST" name="launchApplication" finished-at="2022-09-22T12:43:04 IST" duration-ms="4808" status="PASS">
          <reporter-output>
          </reporter-output>
        </test-method> <!-- launchApplication -->
        <test-method is-config="true" signature="tearDown()[pri:0, instance:web.tests.MvnRepositoryTest@5dd1c9f2]" started-at="2022-09-22T12:43:04 IST" name="tearDown" finished-at="2022-09-22T12:43:05 IST" duration-ms="861" status="PASS">
          <reporter-output>
          </reporter-output>
        </test-method> <!-- tearDown -->
      </class> <!-- web.tests.MvnRepositoryTest -->
    </test> <!-- MVNTest -->
    <test started-at="2022-09-22T12:42:59 IST" name="GoogleTest" finished-at="2022-09-22T12:43:05 IST" duration-ms="5693">
      <class name="web.tests.GoogleSearchTest">
        <test-method is-config="true" signature="launchApplication()[pri:0, instance:web.tests.GoogleSearchTest@561868a0]" started-at="2022-09-22T12:42:59 IST" name="launchApplication" finished-at="2022-09-22T12:43:04 IST" duration-ms="4758" status="PASS">
          <reporter-output>
          </reporter-output>
        </test-method> <!-- launchApplication -->
        <test-method is-config="true" signature="tearDown()[pri:0, instance:web.tests.GoogleSearchTest@561868a0]" started-at="2022-09-22T12:43:04 IST" name="tearDown" finished-at="2022-09-22T12:43:05 IST" duration-ms="915" status="PASS">
          <reporter-output>
          </reporter-output>
        </test-method> <!-- tearDown -->
      </class> <!-- web.tests.GoogleSearchTest -->
    </test> <!-- GoogleTest -->
    <test started-at="2022-09-22T12:42:59 IST" name="ReqResTest" finished-at="2022-09-22T12:43:05 IST" duration-ms="5745">
      <class name="web.tests.ReqResTest">
        <test-method is-config="true" signature="launchApplication()[pri:0, instance:web.tests.ReqResTest@17aad511]" started-at="2022-09-22T12:42:59 IST" name="launchApplication" finished-at="2022-09-22T12:43:04 IST" duration-ms="4343" status="PASS">
          <reporter-output>
          </reporter-output>
        </test-method> <!-- launchApplication -->
        <test-method is-config="true" signature="tearDown()[pri:0, instance:web.tests.ReqResTest@17aad511]" started-at="2022-09-22T12:43:04 IST" name="tearDown" finished-at="2022-09-22T12:43:05 IST" duration-ms="1379" status="PASS">
          <reporter-output>
          </reporter-output>
        </test-method> <!-- tearDown -->
      </class> <!-- web.tests.ReqResTest -->
    </test> <!-- ReqResTest -->
    <test started-at="2022-09-22T12:42:59 IST" name="YahooTest" finished-at="2022-09-22T12:44:01 IST" duration-ms="61573">
      <class name="web.tests.YahooSearchTest">
        <test-method is-config="true" signature="launchApplication()[pri:0, instance:web.tests.YahooSearchTest@7241a47d]" started-at="2022-09-22T12:42:59 IST" name="launchApplication" finished-at="2022-09-22T12:43:04 IST" duration-ms="4334" status="PASS">
          <reporter-output>
          </reporter-output>
        </test-method> <!-- launchApplication -->
        <test-method signature="yahooLogin()[pri:2, instance:web.tests.YahooSearchTest@7241a47d]" started-at="2022-09-22T12:43:04 IST" name="yahooLogin" finished-at="2022-09-22T12:44:00 IST" duration-ms="56620" status="PASS">
          <reporter-output>
          </reporter-output>
        </test-method> <!-- yahooLogin -->
        <test-method is-config="true" signature="tearDown()[pri:0, instance:web.tests.YahooSearchTest@7241a47d]" started-at="2022-09-22T12:44:00 IST" name="tearDown" finished-at="2022-09-22T12:44:01 IST" duration-ms="494" status="PASS">
          <reporter-output>
          </reporter-output>
        </test-method> <!-- tearDown -->
      </class> <!-- web.tests.YahooSearchTest -->
    </test> <!-- YahooTest -->
  </suite> <!-- LoginSuite -->
</testng-results>
