<?xml version="1.0" encoding="UTF-8"?>
<!-- Generated by org.testng.reporters.JUnitXMLReporter -->
<testsuite ignored="3" hostname="AIPL4398LT11158" failures="0" tests="0" time="5.693" errors="0" timestamp="2022-09-22T12:43:06 IST">
  <testcase classname="web.tests.GoogleSearchTest" name="verifyTitle" time="0.0">
    <ignored/>
  </testcase> <!-- verifyTitle -->
  <testcase classname="web.tests.GoogleSearchTest" name="googleImages" time="0.0">
    <ignored/>
  </testcase> <!-- googleImages -->
  <testcase classname="web.tests.GoogleSearchTest" name="googleSearch" time="0.0">
    <ignored/>
  </testcase> <!-- googleSearch -->
</testsuite>
