<?xml version="1.0" encoding="UTF-8"?>
<!-- Generated by org.testng.reporters.JUnitXMLReporter -->
<testsuite ignored="3" hostname="AIPL4398LT11158" failures="0" tests="0" time="4.608" errors="0" timestamp="2022-09-09T18:09:46 IST">
  <testcase classname="web.tests.GoogleSearchTest2223" name="googleImages3" time="0.0">
    <ignored/>
  </testcase> <!-- googleImages3 -->
  <testcase classname="web.tests.GoogleSearchTest2223" name="googleSearch3" time="0.0">
    <ignored/>
  </testcase> <!-- googleSearch3 -->
  <testcase classname="web.tests.GoogleSearchTest2223" name="verifyTitle3" time="0.0">
    <ignored/>
  </testcase> <!-- verifyTitle3 -->
</testsuite>
