<?xml version="1.0" encoding="UTF-8"?>
<!-- Generated by org.testng.reporters.JUnitXMLReporter -->
<testsuite ignored="2" hostname="AIPL4398LT11158" failures="0" tests="0" time="5.691" errors="0" timestamp="2022-09-22T12:43:06 IST">
  <testcase classname="web.tests.MvnRepositoryTest" name="browserStackTest" time="0.0">
    <ignored/>
  </testcase> <!-- browserStackTest -->
  <testcase classname="web.tests.MvnRepositoryTest" name="mvnRepositorySearch" time="0.0">
    <ignored/>
  </testcase> <!-- mvnRepositorySearch -->
</testsuite>
