<?xml version="1.0" encoding="UTF-8"?>
<!-- Generated by org.testng.reporters.JUnitXMLReporter -->
<testsuite ignored="2" hostname="AIPL4398LT11158" failures="0" tests="0" time="8.135" errors="0" timestamp="2022-10-01T08:18:16 IST">
  <testcase classname="web.tests.MvnRepositoryTest" name="mvnRepositorySearch" time="0.0">
    <ignored/>
  </testcase> <!-- mvnRepositorySearch -->
  <testcase classname="web.tests.MvnRepositoryTest" name="browserStackTest" time="0.0">
    <ignored/>
  </testcase> <!-- browserStackTest -->
</testsuite>
