<?xml version="1.0" encoding="UTF-8"?>
<!-- Generated by org.testng.reporters.JUnitXMLReporter -->
<testsuite ignored="2" hostname="AIPL4398LT11158" failures="0" tests="1" name="YahooTest" time="13.461" errors="0" timestamp="2022-10-01T08:18:21 IST">
  <testcase classname="web.tests.YahooSearchTest" name="yahooLogin" time="6.025"/>
  <testcase classname="web.tests.YahooSearchTest" name="verifyYahooTitle" time="0.0">
    <ignored/>
  </testcase> <!-- verifyYahooTitle -->
  <testcase classname="web.tests.YahooSearchTest" name="yahooSearcch" time="0.0">
    <ignored/>
  </testcase> <!-- yahooSearcch -->
</testsuite> <!-- YahooTest -->
